0 info it worked if it ends with ok
1 verbose cli [ '/usr/bin/node', '/usr/bin/npm', 'install' ]
2 info using npm@2.7.1
3 info using node@v0.12.0
4 error install Couldn't read dependencies
5 verbose stack Error: Failed to parse json
5 verbose stack Trailing comma in object at 7:5
5 verbose stack     },
5 verbose stack     ^
5 verbose stack     at parseError (/usr/lib/node_modules/npm/node_modules/read-package-json/read-json.js:406:25)
5 verbose stack     at parseJson (/usr/lib/node_modules/npm/node_modules/read-package-json/read-json.js:86:51)
5 verbose stack     at /usr/lib/node_modules/npm/node_modules/read-package-json/read-json.js:60:33
5 verbose stack     at evalmachine.<anonymous>:336:14
5 verbose stack     at /usr/lib/node_modules/npm/node_modules/graceful-fs/graceful-fs.js:102:5
5 verbose stack     at FSReqWrap.oncomplete (evalmachine.<anonymous>:99:15)
6 verbose cwd /home/thanhquanky/developments/ngPharm
7 error Linux 3.19.2-1-MANJARO
8 error argv "/usr/bin/node" "/usr/bin/npm" "install"
9 error node v0.12.0
10 error npm  v2.7.1
11 error file /home/thanhquanky/developments/ngPharm/package.json
12 error code EJSONPARSE
13 error Failed to parse json
13 error Trailing comma in object at 7:5
13 error     },
13 error     ^
14 error File: /home/thanhquanky/developments/ngPharm/package.json
15 error Failed to parse package.json data.
15 error package.json must be actual JSON, not just JavaScript.
15 error
15 error This is not a bug in npm.
15 error Tell the package author to fix their package.json file. JSON.parse
16 verbose exit [ 1, true ]
